2016-07-24 08:57:08 [127.0.0.1][-][-][error][yii\base\ErrorException:64] exception 'yii\base\ErrorException' with message 'Namespace declaration statement has to be the very first statement in the script' in C:\xampp\htdocs\hcktn\docolist\frontend\assets\AppAsset.php:17
Stack trace:
#0 [internal function]: yii\base\ErrorHandler->handleFatalError()
#1 {main}
2016-07-24 08:57:08 [127.0.0.1][-][-][info][application] $_COOKIE = [
    'advanced-frontend' => 'cv5m2eg75jq1ogtukjpms5trv6'
    '_csrf-frontend' => 'dc1d6b49c0d6351f794553d7312e1c9e0aae62a8ce7b327e3aebb0f9ba106dc3a:2:{i:0;s:14:\"_csrf-frontend\";i:1;s:32:\"SX1o0R2NYQZzj3icnvk8kvKFg-_c31xz\";}'
]

$_SERVER = [
    'REDIRECT_MIBDIRS' => 'C:/xampp/php/extras/mibs'
    'REDIRECT_MYSQL_HOME' => '\\xampp\\mysql\\bin'
    'REDIRECT_OPENSSL_CONF' => 'C:/xampp/apache/bin/openssl.cnf'
    'REDIRECT_PHP_PEAR_SYSCONF_DIR' => '\\xampp\\php'
    'REDIRECT_PHPRC' => '\\xampp\\php'
    'REDIRECT_TMP' => '\\xampp\\tmp'
    'REDIRECT_STATUS' => '200'
    'MIBDIRS' => 'C:/xampp/php/extras/mibs'
    'MYSQL_HOME' => '\\xampp\\mysql\\bin'
    'OPENSSL_CONF' => 'C:/xampp/apache/bin/openssl.cnf'
    'PHP_PEAR_SYSCONF_DIR' => '\\xampp\\php'
    'PHPRC' => '\\xampp\\php'
    'TMP' => '\\xampp\\tmp'
    'HTTP_HOST' => 'hcktn.me'
    'HTTP_CONNECTION' => 'keep-alive'
    'HTTP_CACHE_CONTROL' => 'max-age=0'
    'HTTP_UPGRADE_INSECURE_REQUESTS' => '1'
    'HTTP_USER_AGENT' => 'Mozilla/5.0 (Windows NT 6.3; WOW64) AppleWebKit/537.36 (KHTML, like Gecko) Chrome/51.0.2704.103 Safari/537.36'
    'HTTP_ACCEPT' => 'text/html,application/xhtml+xml,application/xml;q=0.9,image/webp,*/*;q=0.8'
    'HTTP_ACCEPT_ENCODING' => 'gzip, deflate, sdch'
    'HTTP_ACCEPT_LANGUAGE' => 'en-US,en;q=0.8'
    'HTTP_COOKIE' => 'advanced-frontend=cv5m2eg75jq1ogtukjpms5trv6; _csrf-frontend=dc1d6b49c0d6351f794553d7312e1c9e0aae62a8ce7b327e3aebb0f9ba106dc3a%3A2%3A%7Bi%3A0%3Bs%3A14%3A%22_csrf-frontend%22%3Bi%3A1%3Bs%3A32%3A%22SX1o0R2NYQZzj3icnvk8kvKFg-_c31xz%22%3B%7D'
    'PATH' => 'C:\\xampp\\instantclient_12_1;C:\\Program Files (x86)\\AMD APP\\bin\\x86_64;C:\\Program Files (x86)\\AMD APP\\bin\\x86;C:\\ProgramData\\Oracle\\Java\\javapath;C:\\Program Files (x86)\\Intel\\iCLS Client\\;C:\\Program Files\\Intel\\iCLS Client\\;C:\\Windows\\system32;C:\\Windows;C:\\Windows\\System32\\Wbem;C:\\Windows\\System32\\WindowsPowerShell\\v1.0\\;C:\\Program Files (x86)\\Intel\\OpenCL SDK\\3.0\\bin\\x86;C:\\Program Files (x86)\\Intel\\OpenCL SDK\\3.0\\bin\\x64;C:\\Program Files\\Lenovo\\Bluetooth Software\\;C:\\Program Files\\Lenovo\\Bluetooth Software\\syswow64;C:\\Program Files\\Intel\\Intel(R) Management Engine Components\\DAL;C:\\Program Files\\Intel\\Intel(R) Management Engine Components\\IPT;C:\\Program Files (x86)\\Intel\\Intel(R) Management Engine Components\\DAL;C:\\Program Files (x86)\\Intel\\Intel(R) Management Engine Components\\IPT;C:\\Program Files (x86)\\ATI Technologies\\ATI.ACE\\Core-Static;C:\\Program Files\\TortoiseGit\\bin;C:\\Program Files\\TortoiseSVN\\bin;C:\\Program Files (x86)\\Skype\\Phone\\;C:\\Program Files (x86)\\Brackets\\command;C:\\Program Files\\Git\\cmd;C:\\apps\\bin;C:\\xampp\\php;C:\\Program Files (x86)\\nodejs\\;C:\\ProgramData\\ComposerSetup\\bin'
    'SystemRoot' => 'C:\\Windows'
    'COMSPEC' => 'C:\\Windows\\system32\\cmd.exe'
    'PATHEXT' => '.COM;.EXE;.BAT;.CMD;.VBS;.VBE;.JS;.JSE;.WSF;.WSH;.MSC'
    'WINDIR' => 'C:\\Windows'
    'SERVER_SIGNATURE' => '<address>Apache/2.4.12 (Win32) OpenSSL/1.0.1m PHP/5.5.27 Server at hcktn.me Port 80</address>
'
    'SERVER_SOFTWARE' => 'Apache/2.4.12 (Win32) OpenSSL/1.0.1m PHP/5.5.27'
    'SERVER_NAME' => 'hcktn.me'
    'SERVER_ADDR' => '127.0.0.1'
    'SERVER_PORT' => '80'
    'REMOTE_ADDR' => '127.0.0.1'
    'DOCUMENT_ROOT' => 'C:/xampp/htdocs/hcktn/docolist/frontend/web'
    'REQUEST_SCHEME' => 'http'
    'CONTEXT_PREFIX' => ''
    'CONTEXT_DOCUMENT_ROOT' => 'C:/xampp/htdocs/hcktn/docolist/frontend/web'
    'SERVER_ADMIN' => 'webmaster@dummy-host2.example.com'
    'SCRIPT_FILENAME' => 'C:/xampp/htdocs/hcktn/docolist/frontend/web/index.php'
    'REMOTE_PORT' => '57582'
    'REDIRECT_URL' => '/docolist'
    'GATEWAY_INTERFACE' => 'CGI/1.1'
    'SERVER_PROTOCOL' => 'HTTP/1.1'
    'REQUEST_METHOD' => 'GET'
    'QUERY_STRING' => ''
    'REQUEST_URI' => '/docolist'
    'SCRIPT_NAME' => '/index.php'
    'PHP_SELF' => '/index.php'
    'REQUEST_TIME_FLOAT' => 1469343428.669
    'REQUEST_TIME' => 1469343428
]
2016-07-24 08:58:27 [127.0.0.1][-][cv5m2eg75jq1ogtukjpms5trv6][error][yii\web\HttpException:404] exception 'yii\base\InvalidRouteException' with message 'Unable to resolve the request "dist/img/user2-160x160.jpg".' in C:\xampp\htdocs\hcktn\docolist\vendor\yiisoft\yii2\base\Module.php:460
Stack trace:
#0 C:\xampp\htdocs\hcktn\docolist\vendor\yiisoft\yii2\web\Application.php(87): yii\base\Module->runAction('dist/img/user2-...', Array)
#1 C:\xampp\htdocs\hcktn\docolist\vendor\yiisoft\yii2\base\Application.php(375): yii\web\Application->handleRequest(Object(yii\web\Request))
#2 C:\xampp\htdocs\hcktn\docolist\frontend\web\index.php(18): yii\base\Application->run()
#3 {main}

Next exception 'yii\web\NotFoundHttpException' with message 'Page not found.' in C:\xampp\htdocs\hcktn\docolist\vendor\yiisoft\yii2\web\Application.php:99
Stack trace:
#0 C:\xampp\htdocs\hcktn\docolist\vendor\yiisoft\yii2\base\Application.php(375): yii\web\Application->handleRequest(Object(yii\web\Request))
#1 C:\xampp\htdocs\hcktn\docolist\frontend\web\index.php(18): yii\base\Application->run()
#2 {main}
2016-07-24 08:58:27 [127.0.0.1][-][cv5m2eg75jq1ogtukjpms5trv6][info][application] $_COOKIE = [
    'advanced-frontend' => 'cv5m2eg75jq1ogtukjpms5trv6'
    '_csrf-frontend' => '06b589927d5b495aa6d8215813461850b9d8f6cbaa4800c56ede39c33c787e59a:2:{i:0;s:14:\"_csrf-frontend\";i:1;s:32:\"bMl-0sKbGx9WKWbq6Sj3AQuOf4OnSRBM\";}'
]

$_SESSION = [
    '__flash' => []
]

$_SERVER = [
    'REDIRECT_MIBDIRS' => 'C:/xampp/php/extras/mibs'
    'REDIRECT_MYSQL_HOME' => '\\xampp\\mysql\\bin'
    'REDIRECT_OPENSSL_CONF' => 'C:/xampp/apache/bin/openssl.cnf'
    'REDIRECT_PHP_PEAR_SYSCONF_DIR' => '\\xampp\\php'
    'REDIRECT_PHPRC' => '\\xampp\\php'
    'REDIRECT_TMP' => '\\xampp\\tmp'
    'REDIRECT_STATUS' => '200'
    'MIBDIRS' => 'C:/xampp/php/extras/mibs'
    'MYSQL_HOME' => '\\xampp\\mysql\\bin'
    'OPENSSL_CONF' => 'C:/xampp/apache/bin/openssl.cnf'
    'PHP_PEAR_SYSCONF_DIR' => '\\xampp\\php'
    'PHPRC' => '\\xampp\\php'
    'TMP' => '\\xampp\\tmp'
    'HTTP_HOST' => 'hcktn.me'
    'HTTP_CONNECTION' => 'keep-alive'
    'HTTP_CACHE_CONTROL' => 'max-age=0'
    'HTTP_USER_AGENT' => 'Mozilla/5.0 (Windows NT 6.3; WOW64) AppleWebKit/537.36 (KHTML, like Gecko) Chrome/51.0.2704.103 Safari/537.36'
    'HTTP_ACCEPT' => 'image/webp,image/*,*/*;q=0.8'
    'HTTP_REFERER' => 'http://hcktn.me/docolist'
    'HTTP_ACCEPT_ENCODING' => 'gzip, deflate, sdch'
    'HTTP_ACCEPT_LANGUAGE' => 'en-US,en;q=0.8'
    'HTTP_COOKIE' => 'advanced-frontend=cv5m2eg75jq1ogtukjpms5trv6; _csrf-frontend=06b589927d5b495aa6d8215813461850b9d8f6cbaa4800c56ede39c33c787e59a%3A2%3A%7Bi%3A0%3Bs%3A14%3A%22_csrf-frontend%22%3Bi%3A1%3Bs%3A32%3A%22bMl-0sKbGx9WKWbq6Sj3AQuOf4OnSRBM%22%3B%7D'
    'PATH' => 'C:\\xampp\\instantclient_12_1;C:\\Program Files (x86)\\AMD APP\\bin\\x86_64;C:\\Program Files (x86)\\AMD APP\\bin\\x86;C:\\ProgramData\\Oracle\\Java\\javapath;C:\\Program Files (x86)\\Intel\\iCLS Client\\;C:\\Program Files\\Intel\\iCLS Client\\;C:\\Windows\\system32;C:\\Windows;C:\\Windows\\System32\\Wbem;C:\\Windows\\System32\\WindowsPowerShell\\v1.0\\;C:\\Program Files (x86)\\Intel\\OpenCL SDK\\3.0\\bin\\x86;C:\\Program Files (x86)\\Intel\\OpenCL SDK\\3.0\\bin\\x64;C:\\Program Files\\Lenovo\\Bluetooth Software\\;C:\\Program Files\\Lenovo\\Bluetooth Software\\syswow64;C:\\Program Files\\Intel\\Intel(R) Management Engine Components\\DAL;C:\\Program Files\\Intel\\Intel(R) Management Engine Components\\IPT;C:\\Program Files (x86)\\Intel\\Intel(R) Management Engine Components\\DAL;C:\\Program Files (x86)\\Intel\\Intel(R) Management Engine Components\\IPT;C:\\Program Files (x86)\\ATI Technologies\\ATI.ACE\\Core-Static;C:\\Program Files\\TortoiseGit\\bin;C:\\Program Files\\TortoiseSVN\\bin;C:\\Program Files (x86)\\Skype\\Phone\\;C:\\Program Files (x86)\\Brackets\\command;C:\\Program Files\\Git\\cmd;C:\\apps\\bin;C:\\xampp\\php;C:\\Program Files (x86)\\nodejs\\;C:\\ProgramData\\ComposerSetup\\bin'
    'SystemRoot' => 'C:\\Windows'
    'COMSPEC' => 'C:\\Windows\\system32\\cmd.exe'
    'PATHEXT' => '.COM;.EXE;.BAT;.CMD;.VBS;.VBE;.JS;.JSE;.WSF;.WSH;.MSC'
    'WINDIR' => 'C:\\Windows'
    'SERVER_SIGNATURE' => '<address>Apache/2.4.12 (Win32) OpenSSL/1.0.1m PHP/5.5.27 Server at hcktn.me Port 80</address>
'
    'SERVER_SOFTWARE' => 'Apache/2.4.12 (Win32) OpenSSL/1.0.1m PHP/5.5.27'
    'SERVER_NAME' => 'hcktn.me'
    'SERVER_ADDR' => '127.0.0.1'
    'SERVER_PORT' => '80'
    'REMOTE_ADDR' => '127.0.0.1'
    'DOCUMENT_ROOT' => 'C:/xampp/htdocs/hcktn/docolist/frontend/web'
    'REQUEST_SCHEME' => 'http'
    'CONTEXT_PREFIX' => ''
    'CONTEXT_DOCUMENT_ROOT' => 'C:/xampp/htdocs/hcktn/docolist/frontend/web'
    'SERVER_ADMIN' => 'webmaster@dummy-host2.example.com'
    'SCRIPT_FILENAME' => 'C:/xampp/htdocs/hcktn/docolist/frontend/web/index.php'
    'REMOTE_PORT' => '57600'
    'REDIRECT_URL' => '/dist/img/user2-160x160.jpg'
    'GATEWAY_INTERFACE' => 'CGI/1.1'
    'SERVER_PROTOCOL' => 'HTTP/1.1'
    'REQUEST_METHOD' => 'GET'
    'QUERY_STRING' => ''
    'REQUEST_URI' => '/dist/img/user2-160x160.jpg'
    'SCRIPT_NAME' => '/index.php'
    'PHP_SELF' => '/index.php'
    'REQUEST_TIME_FLOAT' => 1469343507.567
    'REQUEST_TIME' => 1469343507
]
2016-07-24 08:58:27 [127.0.0.1][-][cv5m2eg75jq1ogtukjpms5trv6][error][yii\web\HttpException:404] exception 'yii\base\InvalidRouteException' with message 'Unable to resolve the request "dist/img/user3-128x128.jpg".' in C:\xampp\htdocs\hcktn\docolist\vendor\yiisoft\yii2\base\Module.php:460
Stack trace:
#0 C:\xampp\htdocs\hcktn\docolist\vendor\yiisoft\yii2\web\Application.php(87): yii\base\Module->runAction('dist/img/user3-...', Array)
#1 C:\xampp\htdocs\hcktn\docolist\vendor\yiisoft\yii2\base\Application.php(375): yii\web\Application->handleRequest(Object(yii\web\Request))
#2 C:\xampp\htdocs\hcktn\docolist\frontend\web\index.php(18): yii\base\Application->run()
#3 {main}

Next exception 'yii\web\NotFoundHttpException' with message 'Page not found.' in C:\xampp\htdocs\hcktn\docolist\vendor\yiisoft\yii2\web\Application.php:99
Stack trace:
#0 C:\xampp\htdocs\hcktn\docolist\vendor\yiisoft\yii2\base\Application.php(375): yii\web\Application->handleRequest(Object(yii\web\Request))
#1 C:\xampp\htdocs\hcktn\docolist\frontend\web\index.php(18): yii\base\Application->run()
#2 {main}
2016-07-24 08:58:27 [127.0.0.1][-][cv5m2eg75jq1ogtukjpms5trv6][info][application] $_COOKIE = [
    'advanced-frontend' => 'cv5m2eg75jq1ogtukjpms5trv6'
    '_csrf-frontend' => '06b589927d5b495aa6d8215813461850b9d8f6cbaa4800c56ede39c33c787e59a:2:{i:0;s:14:\"_csrf-frontend\";i:1;s:32:\"bMl-0sKbGx9WKWbq6Sj3AQuOf4OnSRBM\";}'
]

$_SESSION = [
    '__flash' => []
]

$_SERVER = [
    'REDIRECT_MIBDIRS' => 'C:/xampp/php/extras/mibs'
    'REDIRECT_MYSQL_HOME' => '\\xampp\\mysql\\bin'
    'REDIRECT_OPENSSL_CONF' => 'C:/xampp/apache/bin/openssl.cnf'
    'REDIRECT_PHP_PEAR_SYSCONF_DIR' => '\\xampp\\php'
    'REDIRECT_PHPRC' => '\\xampp\\php'
    'REDIRECT_TMP' => '\\xampp\\tmp'
    'REDIRECT_STATUS' => '200'
    'MIBDIRS' => 'C:/xampp/php/extras/mibs'
    'MYSQL_HOME' => '\\xampp\\mysql\\bin'
    'OPENSSL_CONF' => 'C:/xampp/apache/bin/openssl.cnf'
    'PHP_PEAR_SYSCONF_DIR' => '\\xampp\\php'
    'PHPRC' => '\\xampp\\php'
    'TMP' => '\\xampp\\tmp'
    'HTTP_HOST' => 'hcktn.me'
    'HTTP_CONNECTION' => 'keep-alive'
    'HTTP_CACHE_CONTROL' => 'max-age=0'
    'HTTP_USER_AGENT' => 'Mozilla/5.0 (Windows NT 6.3; WOW64) AppleWebKit/537.36 (KHTML, like Gecko) Chrome/51.0.2704.103 Safari/537.36'
    'HTTP_ACCEPT' => 'image/webp,image/*,*/*;q=0.8'
    'HTTP_REFERER' => 'http://hcktn.me/docolist'
    'HTTP_ACCEPT_ENCODING' => 'gzip, deflate, sdch'
    'HTTP_ACCEPT_LANGUAGE' => 'en-US,en;q=0.8'
    'HTTP_COOKIE' => 'advanced-frontend=cv5m2eg75jq1ogtukjpms5trv6; _csrf-frontend=06b589927d5b495aa6d8215813461850b9d8f6cbaa4800c56ede39c33c787e59a%3A2%3A%7Bi%3A0%3Bs%3A14%3A%22_csrf-frontend%22%3Bi%3A1%3Bs%3A32%3A%22bMl-0sKbGx9WKWbq6Sj3AQuOf4OnSRBM%22%3B%7D'
    'PATH' => 'C:\\xampp\\instantclient_12_1;C:\\Program Files (x86)\\AMD APP\\bin\\x86_64;C:\\Program Files (x86)\\AMD APP\\bin\\x86;C:\\ProgramData\\Oracle\\Java\\javapath;C:\\Program Files (x86)\\Intel\\iCLS Client\\;C:\\Program Files\\Intel\\iCLS Client\\;C:\\Windows\\system32;C:\\Windows;C:\\Windows\\System32\\Wbem;C:\\Windows\\System32\\WindowsPowerShell\\v1.0\\;C:\\Program Files (x86)\\Intel\\OpenCL SDK\\3.0\\bin\\x86;C:\\Program Files (x86)\\Intel\\OpenCL SDK\\3.0\\bin\\x64;C:\\Program Files\\Lenovo\\Bluetooth Software\\;C:\\Program Files\\Lenovo\\Bluetooth Software\\syswow64;C:\\Program Files\\Intel\\Intel(R) Management Engine Components\\DAL;C:\\Program Files\\Intel\\Intel(R) Management Engine Components\\IPT;C:\\Program Files (x86)\\Intel\\Intel(R) Management Engine Components\\DAL;C:\\Program Files (x86)\\Intel\\Intel(R) Management Engine Components\\IPT;C:\\Program Files (x86)\\ATI Technologies\\ATI.ACE\\Core-Static;C:\\Program Files\\TortoiseGit\\bin;C:\\Program Files\\TortoiseSVN\\bin;C:\\Program Files (x86)\\Skype\\Phone\\;C:\\Program Files (x86)\\Brackets\\command;C:\\Program Files\\Git\\cmd;C:\\apps\\bin;C:\\xampp\\php;C:\\Program Files (x86)\\nodejs\\;C:\\ProgramData\\ComposerSetup\\bin'
    'SystemRoot' => 'C:\\Windows'
    'COMSPEC' => 'C:\\Windows\\system32\\cmd.exe'
    'PATHEXT' => '.COM;.EXE;.BAT;.CMD;.VBS;.VBE;.JS;.JSE;.WSF;.WSH;.MSC'
    'WINDIR' => 'C:\\Windows'
    'SERVER_SIGNATURE' => '<address>Apache/2.4.12 (Win32) OpenSSL/1.0.1m PHP/5.5.27 Server at hcktn.me Port 80</address>
'
    'SERVER_SOFTWARE' => 'Apache/2.4.12 (Win32) OpenSSL/1.0.1m PHP/5.5.27'
    'SERVER_NAME' => 'hcktn.me'
    'SERVER_ADDR' => '127.0.0.1'
    'SERVER_PORT' => '80'
    'REMOTE_ADDR' => '127.0.0.1'
    'DOCUMENT_ROOT' => 'C:/xampp/htdocs/hcktn/docolist/frontend/web'
    'REQUEST_SCHEME' => 'http'
    'CONTEXT_PREFIX' => ''
    'CONTEXT_DOCUMENT_ROOT' => 'C:/xampp/htdocs/hcktn/docolist/frontend/web'
    'SERVER_ADMIN' => 'webmaster@dummy-host2.example.com'
    'SCRIPT_FILENAME' => 'C:/xampp/htdocs/hcktn/docolist/frontend/web/index.php'
    'REMOTE_PORT' => '57600'
    'REDIRECT_URL' => '/dist/img/user3-128x128.jpg'
    'GATEWAY_INTERFACE' => 'CGI/1.1'
    'SERVER_PROTOCOL' => 'HTTP/1.1'
    'REQUEST_METHOD' => 'GET'
    'QUERY_STRING' => ''
    'REQUEST_URI' => '/dist/img/user3-128x128.jpg'
    'SCRIPT_NAME' => '/index.php'
    'PHP_SELF' => '/index.php'
    'REQUEST_TIME_FLOAT' => 1469343507.752
    'REQUEST_TIME' => 1469343507
]
2016-07-24 08:58:27 [127.0.0.1][-][cv5m2eg75jq1ogtukjpms5trv6][error][yii\web\HttpException:404] exception 'yii\base\InvalidRouteException' with message 'Unable to resolve the request "dist/img/user4-128x128.jpg".' in C:\xampp\htdocs\hcktn\docolist\vendor\yiisoft\yii2\base\Module.php:460
Stack trace:
#0 C:\xampp\htdocs\hcktn\docolist\vendor\yiisoft\yii2\web\Application.php(87): yii\base\Module->runAction('dist/img/user4-...', Array)
#1 C:\xampp\htdocs\hcktn\docolist\vendor\yiisoft\yii2\base\Application.php(375): yii\web\Application->handleRequest(Object(yii\web\Request))
#2 C:\xampp\htdocs\hcktn\docolist\frontend\web\index.php(18): yii\base\Application->run()
#3 {main}

Next exception 'yii\web\NotFoundHttpException' with message 'Page not found.' in C:\xampp\htdocs\hcktn\docolist\vendor\yiisoft\yii2\web\Application.php:99
Stack trace:
#0 C:\xampp\htdocs\hcktn\docolist\vendor\yiisoft\yii2\base\Application.php(375): yii\web\Application->handleRequest(Object(yii\web\Request))
#1 C:\xampp\htdocs\hcktn\docolist\frontend\web\index.php(18): yii\base\Application->run()
#2 {main}
2016-07-24 08:58:27 [127.0.0.1][-][cv5m2eg75jq1ogtukjpms5trv6][info][application] $_COOKIE = [
    'advanced-frontend' => 'cv5m2eg75jq1ogtukjpms5trv6'
    '_csrf-frontend' => '06b589927d5b495aa6d8215813461850b9d8f6cbaa4800c56ede39c33c787e59a:2:{i:0;s:14:\"_csrf-frontend\";i:1;s:32:\"bMl-0sKbGx9WKWbq6Sj3AQuOf4OnSRBM\";}'
]

$_SESSION = [
    '__flash' => []
]

$_SERVER = [
    'REDIRECT_MIBDIRS' => 'C:/xampp/php/extras/mibs'
    'REDIRECT_MYSQL_HOME' => '\\xampp\\mysql\\bin'
    'REDIRECT_OPENSSL_CONF' => 'C:/xampp/apache/bin/openssl.cnf'
    'REDIRECT_PHP_PEAR_SYSCONF_DIR' => '\\xampp\\php'
    'REDIRECT_PHPRC' => '\\xampp\\php'
    'REDIRECT_TMP' => '\\xampp\\tmp'
    'REDIRECT_STATUS' => '200'
    'MIBDIRS' => 'C:/xampp/php/extras/mibs'
    'MYSQL_HOME' => '\\xampp\\mysql\\bin'
    'OPENSSL_CONF' => 'C:/xampp/apache/bin/openssl.cnf'
    'PHP_PEAR_SYSCONF_DIR' => '\\xampp\\php'
    'PHPRC' => '\\xampp\\php'
    'TMP' => '\\xampp\\tmp'
    'HTTP_HOST' => 'hcktn.me'
    'HTTP_CONNECTION' => 'keep-alive'
    'HTTP_CACHE_CONTROL' => 'max-age=0'
    'HTTP_USER_AGENT' => 'Mozilla/5.0 (Windows NT 6.3; WOW64) AppleWebKit/537.36 (KHTML, like Gecko) Chrome/51.0.2704.103 Safari/537.36'
    'HTTP_ACCEPT' => 'image/webp,image/*,*/*;q=0.8'
    'HTTP_REFERER' => 'http://hcktn.me/docolist'
    'HTTP_ACCEPT_ENCODING' => 'gzip, deflate, sdch'
    'HTTP_ACCEPT_LANGUAGE' => 'en-US,en;q=0.8'
    'HTTP_COOKIE' => 'advanced-frontend=cv5m2eg75jq1ogtukjpms5trv6; _csrf-frontend=06b589927d5b495aa6d8215813461850b9d8f6cbaa4800c56ede39c33c787e59a%3A2%3A%7Bi%3A0%3Bs%3A14%3A%22_csrf-frontend%22%3Bi%3A1%3Bs%3A32%3A%22bMl-0sKbGx9WKWbq6Sj3AQuOf4OnSRBM%22%3B%7D'
    'PATH' => 'C:\\xampp\\instantclient_12_1;C:\\Program Files (x86)\\AMD APP\\bin\\x86_64;C:\\Program Files (x86)\\AMD APP\\bin\\x86;C:\\ProgramData\\Oracle\\Java\\javapath;C:\\Program Files (x86)\\Intel\\iCLS Client\\;C:\\Program Files\\Intel\\iCLS Client\\;C:\\Windows\\system32;C:\\Windows;C:\\Windows\\System32\\Wbem;C:\\Windows\\System32\\WindowsPowerShell\\v1.0\\;C:\\Program Files (x86)\\Intel\\OpenCL SDK\\3.0\\bin\\x86;C:\\Program Files (x86)\\Intel\\OpenCL SDK\\3.0\\bin\\x64;C:\\Program Files\\Lenovo\\Bluetooth Software\\;C:\\Program Files\\Lenovo\\Bluetooth Software\\syswow64;C:\\Program Files\\Intel\\Intel(R) Management Engine Components\\DAL;C:\\Program Files\\Intel\\Intel(R) Management Engine Components\\IPT;C:\\Program Files (x86)\\Intel\\Intel(R) Management Engine Components\\DAL;C:\\Program Files (x86)\\Intel\\Intel(R) Management Engine Components\\IPT;C:\\Program Files (x86)\\ATI Technologies\\ATI.ACE\\Core-Static;C:\\Program Files\\TortoiseGit\\bin;C:\\Program Files\\TortoiseSVN\\bin;C:\\Program Files (x86)\\Skype\\Phone\\;C:\\Program Files (x86)\\Brackets\\command;C:\\Program Files\\Git\\cmd;C:\\apps\\bin;C:\\xampp\\php;C:\\Program Files (x86)\\nodejs\\;C:\\ProgramData\\ComposerSetup\\bin'
    'SystemRoot' => 'C:\\Windows'
    'COMSPEC' => 'C:\\Windows\\system32\\cmd.exe'
    'PATHEXT' => '.COM;.EXE;.BAT;.CMD;.VBS;.VBE;.JS;.JSE;.WSF;.WSH;.MSC'
    'WINDIR' => 'C:\\Windows'
    'SERVER_SIGNATURE' => '<address>Apache/2.4.12 (Win32) OpenSSL/1.0.1m PHP/5.5.27 Server at hcktn.me Port 80</address>
'
    'SERVER_SOFTWARE' => 'Apache/2.4.12 (Win32) OpenSSL/1.0.1m PHP/5.5.27'
    'SERVER_NAME' => 'hcktn.me'
    'SERVER_ADDR' => '127.0.0.1'
    'SERVER_PORT' => '80'
    'REMOTE_ADDR' => '127.0.0.1'
    'DOCUMENT_ROOT' => 'C:/xampp/htdocs/hcktn/docolist/frontend/web'
    'REQUEST_SCHEME' => 'http'
    'CONTEXT_PREFIX' => ''
    'CONTEXT_DOCUMENT_ROOT' => 'C:/xampp/htdocs/hcktn/docolist/frontend/web'
    'SERVER_ADMIN' => 'webmaster@dummy-host2.example.com'
    'SCRIPT_FILENAME' => 'C:/xampp/htdocs/hcktn/docolist/frontend/web/index.php'
    'REMOTE_PORT' => '57600'
    'REDIRECT_URL' => '/dist/img/user4-128x128.jpg'
    'GATEWAY_INTERFACE' => 'CGI/1.1'
    'SERVER_PROTOCOL' => 'HTTP/1.1'
    'REQUEST_METHOD' => 'GET'
    'QUERY_STRING' => ''
    'REQUEST_URI' => '/dist/img/user4-128x128.jpg'
    'SCRIPT_NAME' => '/index.php'
    'PHP_SELF' => '/index.php'
    'REQUEST_TIME_FLOAT' => 1469343507.869
    'REQUEST_TIME' => 1469343507
]
